 All    0100.0ccc.cccc    STATIC      CPU
 All    0100.0ccc.cccd    STATIC      CPU
 All    0180.c200.0000    STATIC      CPU
 All    0180.c200.0001    STATIC      CPU
 All    0180.c200.0002    STATIC      CPU
 All    0180.c200.0003    STATIC      CPU
 All    0180.c200.0004    STATIC      CPU
 All    0180.c200.0005    STATIC      CPU
 All    0180.c200.0006    STATIC      CPU
 All    0180.c200.0007    STATIC      CPU
 All    0180.c200.0008    STATIC      CPU
 All    0180.c200.0009    STATIC      CPU
 All    0180.c200.000a    STATIC      CPU
 All    0180.c200.000b    STATIC      CPU
 All    0180.c200.000c    STATIC      CPU
 All    0180.c200.000d    STATIC      CPU
 All    0180.c200.000e    STATIC      CPU
 All    0180.c200.000f    STATIC      CPU
 All    0180.c200.0010    STATIC      CPU
 All    ffff.ffff.ffff    STATIC      CPU
 229    0008.e3ff.fd90    DYNAMIC     Gi1/0/52
 229    14b3.1f12.a6fa    DYNAMIC     Gi1/0/52
 229    14b3.1f12.ae39    DYNAMIC     Gi1/0/5
 229    14b3.1f21.85bf    DYNAMIC     Gi1/0/52
 229    14b3.1f2b.b94a    DYNAMIC     Gi1/0/52
 229    1866.dae5.9efe    DYNAMIC     Gi1/0/52
 229    18e7.2818.94db    DYNAMIC     Gi1/0/8
 229    18e7.2818.9500    DYNAMIC     Gi1/0/23
 229    2047.4759.51d4    DYNAMIC     Gi1/0/52
 229    34e6.d74f.40f4    DYNAMIC     Gi1/0/52
 229    34e6.d761.a509    DYNAMIC     Gi1/0/52
 229    34e6.d76b.626b    DYNAMIC     Gi1/0/52
 229    40b0.34a1.993b    DYNAMIC     Gi1/0/52
 229    484d.7e9e.0306    DYNAMIC     Gi1/0/52
 229    484d.7ecc.e94a    DYNAMIC     Gi1/0/52
 229    484d.7ef6.f663    DYNAMIC     Gi1/0/52
 229    509a.4c02.9335    DYNAMIC     Gi1/0/52
 229    509a.4c02.9339    DYNAMIC     Gi1/0/17
 229    509a.4c18.392d    DYNAMIC     Gi1/0/52
 229    509a.4c34.a284    DYNAMIC     Gi1/0/52
 229    5cf9.dd5a.212a    DYNAMIC     Gi1/0/52
 229    6400.6a15.3134    DYNAMIC     Gi1/0/52
 229    6400.6a15.3196    DYNAMIC     Gi1/0/52
 229    6400.6a1a.2030    DYNAMIC     Gi1/0/52
 229    6400.6a1a.7ea9    DYNAMIC     Gi1/0/52
 229    6400.6a1a.7fcc    DYNAMIC     Gi1/0/52
 229    6400.6a1d.1d77    DYNAMIC     Gi1/0/9
 229    6400.6a1d.1df7    DYNAMIC     Gi1/0/52
 229    6400.6a1d.1e27    DYNAMIC     Gi1/0/52
 229    6400.6a62.c680    DYNAMIC     Gi1/0/52
 229    6400.6a62.ca99    DYNAMIC     Gi1/0/52
 229    6400.6a85.e1e7    DYNAMIC     Gi1/0/52
 229    6400.6a8d.8a5e    DYNAMIC     Gi1/0/52
 229    6400.6a8d.96ed    DYNAMIC     Gi1/0/52
 229    6805.ca42.4d95    DYNAMIC     Gi1/0/52
 229    6c62.6da8.0129    DYNAMIC     Gi1/0/52
 229    6c62.6da8.02a8    DYNAMIC     Gi1/0/52
 229    7845.c402.9445    DYNAMIC     Gi1/0/52
 229    7845.c402.dd4a    DYNAMIC     Gi1/0/52
 229    7845.c414.a170    DYNAMIC     Gi1/0/52
 229    7845.c415.0e14    DYNAMIC     Gi1/0/33
 229    7845.c415.6c5e    DYNAMIC     Gi1/0/52
 229    7845.c415.6f24    DYNAMIC     Gi1/0/52
 229    7845.c419.0dcd    DYNAMIC     Gi1/0/52
 229    7845.c419.69d2    DYNAMIC     Gi1/0/52
 229    7845.c42b.ae1d    DYNAMIC     Gi1/0/52
 229    7845.c42b.cb18    DYNAMIC     Gi1/0/52
 229    7845.c437.60c4    DYNAMIC     Gi1/0/52
 229    7cad.7429.b343    DYNAMIC     Gi1/0/52
 229    a41f.7270.cb1a    DYNAMIC     Gi1/0/4
 229    a41f.7273.a76f    DYNAMIC     Gi1/0/52
 229    a41f.7274.6cb5    DYNAMIC     Gi1/0/52
 229    a41f.7274.6e34    DYNAMIC     Gi1/0/52
 229    a41f.7274.6eae    DYNAMIC     Gi1/0/52
 229    a41f.7274.6ec3    DYNAMIC     Gi1/0/52
 229    a41f.7274.6ed2    DYNAMIC     Gi1/0/52
 229    a41f.7274.7016    DYNAMIC     Gi1/0/52
 229    a41f.7274.7039    DYNAMIC     Gi1/0/52
 229    a41f.7274.707c    DYNAMIC     Gi1/0/52
 229    a41f.7275.d57f    DYNAMIC     Gi1/0/52
 229    b083.fe53.7a05    DYNAMIC     Gi1/0/52
 229    b083.fe53.7b60    DYNAMIC     Gi1/0/6
 229    b083.fe53.7b61    DYNAMIC     Gi1/0/52
 229    b083.fe94.b39a    DYNAMIC     Gi1/0/52
 229    b083.fe95.940a    DYNAMIC     Gi1/0/52
 229    b083.fe98.9363    DYNAMIC     Gi1/0/52
 229    b083.fe9b.4b7d    DYNAMIC     Gi1/0/52
 229    c81f.6623.3705    DYNAMIC     Gi1/0/52
 229    c8f7.503d.2da4    DYNAMIC     Gi1/0/52
 229    d067.e509.9e8f    DYNAMIC     Gi1/0/52
 229    d067.e51b.3058    DYNAMIC     Gi1/0/52
 229    d4be.d9b7.6e5c    DYNAMIC     Gi1/0/52
 229    d4be.d9b7.778d    DYNAMIC     Gi1/0/52
 229    d4be.d9b7.d8d3    DYNAMIC     Gi1/0/52
 229    d4be.d9ba.6f10    DYNAMIC     Gi1/0/52
 229    d4be.d9ba.882a    DYNAMIC     Gi1/0/52
 229    d4be.d9db.427a    DYNAMIC     Gi1/0/52
 229    d89e.f39d.ce56    DYNAMIC     Gi1/0/52
 229    d89e.f39e.e5cb    DYNAMIC     Gi1/0/52
 229    f078.16d0.9092    DYNAMIC     Gi1/0/22
 229    f092.1c66.2c54    DYNAMIC     Gi1/0/52
 229    f48e.3888.3dee    DYNAMIC     Gi1/0/52
 229    f48e.389f.e806    DYNAMIC     Gi1/0/52
 229    f48e.38b9.a8a0    DYNAMIC     Gi1/0/52
 229    f8bc.1266.9dd8    DYNAMIC     Gi1/0/2
 229    f8bc.1299.6a41    DYNAMIC     Gi1/0/52
 226    0008.e3ff.fd90    DYNAMIC     Gi1/0/52
 226    18e7.2818.93ed    DYNAMIC     Gi1/0/52
 226    18e7.2818.94db    DYNAMIC     Gi1/0/8
 226    18e7.2818.94e3    DYNAMIC     Gi1/0/52
 226    18e7.2818.9500    DYNAMIC     Gi1/0/23
 226    18e7.2818.b174    DYNAMIC     Gi1/0/30
 226    20bb.c093.c953    DYNAMIC     Gi1/0/25
 226    2401.c73c.5bc7    DYNAMIC     Gi1/0/52
 226    5ca4.8a65.4726    DYNAMIC     Gi1/0/52
 226    7cad.7429.b343    DYNAMIC     Gi1/0/52
 226    80e8.6f22.6f9d    DYNAMIC     Gi1/0/32
 226    f078.16d0.9092    DYNAMIC     Gi1/0/22
 226    f078.16d1.7552    DYNAMIC     Gi1/0/16
   1    2004.0fe6.8136    DYNAMIC     Gi1/0/52
   1    2004.0fe6.8137    DYNAMIC     Gi1/0/52
   1    7cad.7429.b343    DYNAMIC     Gi1/0/52
 100    0010.f360.6c2f    DYNAMIC     Gi1/0/52
 100    084a.cf82.a771    DYNAMIC     Gi1/0/52
 100    18dc.56b6.0e49    DYNAMIC     Gi1/0/52
 100    48a3.807d.dd3e    DYNAMIC     Gi1/0/52
 100    5c09.4733.7444    DYNAMIC     Gi1/0/52
 100    6091.f388.e626    DYNAMIC     Gi1/0/52
 100    6cb7.4980.0880    DYNAMIC     Gi1/0/52
 100    7cad.7429.b343    DYNAMIC     Gi1/0/52
 100    c09f.0531.9b51    DYNAMIC     Gi1/0/52
 100    d88f.76a9.fe0d    DYNAMIC     Gi1/0/52
 100    dc6d.cd31.b420    DYNAMIC     Gi1/0/52
 100    e447.9036.bb71    DYNAMIC     Gi1/0/52
 100    ec51.bcb4.f3cf    DYNAMIC     Gi1/0/52
 100    f4b7.b3e5.14fd    DYNAMIC     Gi1/0/52
 100    fcbe.7b82.e875    DYNAMIC     Gi1/0/52
 200    0010.f360.6c2e    DYNAMIC     Gi1/0/52
 200    242e.029b.bf2f    DYNAMIC     Gi1/0/52
 200    3045.1185.e1f7    DYNAMIC     Gi1/0/52
 200    48c7.9676.9ed5    DYNAMIC     Gi1/0/52
 200    5c1d.d9bb.d1f8    DYNAMIC     Gi1/0/52
 200    7cad.7429.b343    DYNAMIC     Gi1/0/52
 200    8ceb.c60e.b75a    DYNAMIC     Gi1/0/52
 224    0008.e3ff.fd90    DYNAMIC     Gi1/0/52
 224    00c0.b770.632f    DYNAMIC     Gi1/0/52
 224    00c0.b782.4f56    DYNAMIC     Gi1/0/52
 224    00c0.b7f9.9423    DYNAMIC     Gi1/0/52
 224    1866.da86.49bf    DYNAMIC     Gi1/0/52
 224    1866.da8c.5368    DYNAMIC     Gi1/0/52
 224    1866.daae.73ba    DYNAMIC     Gi1/0/52
 224    1866.daae.73bc    DYNAMIC     Gi1/0/52
 224    2004.0fe6.8134    DYNAMIC     Gi1/0/52
 224    24b6.fdf6.969c    DYNAMIC     Gi1/0/52
 224    44a8.4235.74c1    DYNAMIC     Gi1/0/52
 224    6cae.8b15.2229    DYNAMIC     Gi1/0/52
 224    6cae.8b15.3129    DYNAMIC     Gi1/0/52
 224    7cad.7429.b343    DYNAMIC     Gi1/0/52
 224    90b1.1c43.b7e2    DYNAMIC     Gi1/0/52
 224    90b1.1c49.86ef    DYNAMIC     Gi1/0/52
 225    0006.f689.c833    DYNAMIC     Gi1/0/52
 225    0008.e3ff.fd90    DYNAMIC     Gi1/0/52
 225    00be.7564.dfdc    DYNAMIC     Gi1/0/52
 225    10f3.11e4.016e    DYNAMIC     Gi1/0/52
 225    10f3.11e4.021f    DYNAMIC     Gi1/0/52
 225    10f3.11e4.0248    DYNAMIC     Gi1/0/52
 225    286f.7f64.ec14    DYNAMIC     Gi1/0/52
 225    4001.7aa3.04d4    DYNAMIC     Gi1/0/52
 225    4403.a7f1.ce9c    DYNAMIC     Gi1/0/52
 225    4c4e.353d.8807    DYNAMIC     Gi1/0/52
 225    4c4e.35a2.2896    DYNAMIC     Gi1/0/52
 225    78da.6e0f.732a    DYNAMIC     Gi1/0/52
 225    7cad.7429.b343    DYNAMIC     Gi1/0/52
 225    7cad.7440.6946    DYNAMIC     Gi1/0/52
 225    7cad.7440.6955    DYNAMIC     Gi1/0/52
 225    7cad.74af.1d0a    DYNAMIC     Gi1/0/52
 225    7cad.74af.1d13    DYNAMIC     Gi1/0/52
 225    7cad.74db.69ac    DYNAMIC     Gi1/0/52
 225    7cad.74db.69f2    DYNAMIC     Gi1/0/52
 225    7cad.74db.69f6    DYNAMIC     Gi1/0/52
 225    885a.9270.b65a    DYNAMIC     Gi1/0/52
 225    885a.92c0.e3e8    DYNAMIC     Gi1/0/52
 225    885a.92c0.e7e2    DYNAMIC     Gi1/0/52
 225    c067.aff1.146c    DYNAMIC     Gi1/0/52
 225    c067.aff1.14da    DYNAMIC     Gi1/0/52
 225    c067.aff1.1509    DYNAMIC     Gi1/0/52
 225    c067.aff1.150d    DYNAMIC     Gi1/0/52
 225    c067.aff1.153d    DYNAMIC     Gi1/0/52
 225    c067.aff1.160d    DYNAMIC     Gi1/0/52
 225    c067.aff1.1610    DYNAMIC     Gi1/0/52
 225    c067.aff1.17ac    DYNAMIC     Gi1/0/52
 225    c067.aff1.17ad    DYNAMIC     Gi1/0/52
 225    d8b1.900e.20f4    DYNAMIC     Gi1/0/52
 225    e4c7.228a.39bb    DYNAMIC     Gi1/0/52
 225    e4c7.228a.39c7    DYNAMIC     Gi1/0/52
 225    e4c7.22cc.55f5    DYNAMIC     Gi1/0/52
 225    e4c7.22cc.5916    DYNAMIC     Gi1/0/52
 225    e4c7.22e0.5e70    DYNAMIC     Gi1/0/52
 225    e4c7.22e0.5e78    DYNAMIC     Gi1/0/52
 225    e4c7.22e0.5e8f    DYNAMIC     Gi1/0/52
 225    e865.49f9.6cd8    DYNAMIC     Gi1/0/52
 227    7cad.7429.b343    DYNAMIC     Gi1/0/52
 227    f8bc.1279.45de    DYNAMIC     Gi1/0/52
 228    0008.e3ff.fd90    DYNAMIC     Gi1/0/52
 228    000b.970b.45e0    DYNAMIC     Gi1/0/52
 228    00b3.6260.dc15    DYNAMIC     Gi1/0/52
 228    00c2.c60b.290d    DYNAMIC     Gi1/0/52
 228    00db.7062.4aa6    DYNAMIC     Gi1/0/52
 228    044f.4ca2.796d    DYNAMIC     Gi1/0/52
 228    08ed.b98b.ba8f    DYNAMIC     Gi1/0/52
 228    08ed.b98b.bc6f    DYNAMIC     Gi1/0/52
 228    1cc3.eba2.a779    DYNAMIC     Gi1/0/52
 228    20f7.7cd2.3d63    DYNAMIC     Gi1/0/52
 228    30b4.9eb3.821e    DYNAMIC     Gi1/0/52
 228    3402.8645.9011    DYNAMIC     Gi1/0/52
 228    3889.2cb8.a157    DYNAMIC     Gi1/0/52
 228    38b1.db66.635b    DYNAMIC     Gi1/0/52
 228    4049.0f43.c50f    DYNAMIC     Gi1/0/52
 228    4049.0f43.fe99    DYNAMIC     Gi1/0/52
 228    4083.deb6.ac3e    DYNAMIC     Gi1/0/52
 228    441c.a837.494d    DYNAMIC     Gi1/0/52
 228    4cbb.58c3.a9db    DYNAMIC     Gi1/0/52
 228    4cbb.58c5.a92d    DYNAMIC     Gi1/0/52
 228    4cbb.58c5.adf5    DYNAMIC     Gi1/0/52
 228    4cbb.58c5.daf5    DYNAMIC     Gi1/0/52
 228    4cbb.58d1.834f    DYNAMIC     Gi1/0/52
 228    5413.79cc.fcb3    DYNAMIC     Gi1/0/52
 228    5cea.1d53.c34b    DYNAMIC     Gi1/0/52
 228    6057.18bd.128a    DYNAMIC     Gi1/0/52
 228    66fb.d5b5.d557    DYNAMIC     Gi1/0/52
 228    701c.e7d9.0ddc    DYNAMIC     Gi1/0/52
 228    7cad.7429.b343    DYNAMIC     Gi1/0/52
 228    8000.0bb8.2748    DYNAMIC     Gi1/0/52
 228    9c30.5b70.1625    DYNAMIC     Gi1/0/52
 228    9cad.974a.2f1f    DYNAMIC     Gi1/0/52
 228    a434.d995.61fe    DYNAMIC     Gi1/0/52
 228    ace0.10c5.623f    DYNAMIC     Gi1/0/52
 228    ace0.10c5.6252    DYNAMIC     Gi1/0/52
 228    b010.4183.f445    DYNAMIC     Gi1/0/52
 228    b0c0.90b2.2c19    DYNAMIC     Gi1/0/52
 228    b0c0.90bf.164f    DYNAMIC     Gi1/0/52
 228    b0c0.90bf.3e83    DYNAMIC     Gi1/0/52
 228    b886.8798.4270    DYNAMIC     Gi1/0/52
 228    cc3d.829d.803c    DYNAMIC     Gi1/0/52
 228    e4a4.7149.04bc    DYNAMIC     Gi1/0/52
 228    f042.1c1f.55c2    DYNAMIC     Gi1/0/52
 228    f042.1c1f.55e0    DYNAMIC     Gi1/0/52
 228    f042.1c46.7d5a    DYNAMIC     Gi1/0/52
 228    f042.1c46.7e04    DYNAMIC     Gi1/0/52
 228    f042.1c6f.999c    DYNAMIC     Gi1/0/52
 228    f042.1ca8.d004    DYNAMIC     Gi1/0/52
 230    7cad.7429.b343    DYNAMIC     Gi1/0/52
 231    7cad.7429.b343    DYNAMIC     Gi1/0/52
 232    0001.c009.d327    DYNAMIC     Gi1/0/52
 232    0008.e3ff.fd90    DYNAMIC     Gi1/0/52
 232    00e0.ed52.4e08    DYNAMIC     Gi1/0/52
 232    107d.1a4b.90ba    DYNAMIC     Gi1/0/52
 232    14b3.1f05.9de0    DYNAMIC     Gi1/0/41
 232    14b3.1f1b.865f    DYNAMIC     Gi1/0/52
 232    14b3.1f22.d3db    DYNAMIC     Gi1/0/52
 232    14b3.1f2c.0326    DYNAMIC     Gi1/0/52
 232    484d.7e9c.c251    DYNAMIC     Gi1/0/52
 232    484d.7ea8.3904    DYNAMIC     Gi1/0/52
 232    484d.7ea8.3995    DYNAMIC     Gi1/0/52
 232    6400.6a1d.1d3e    DYNAMIC     Gi1/0/52
 232    6c62.6da8.04b9    DYNAMIC     Gi1/0/52
 232    74e6.e21c.c4ec    DYNAMIC     Gi1/0/52
 232    7845.c415.6abb    DYNAMIC     Gi1/0/52
 232    7cad.7429.b343    DYNAMIC     Gi1/0/52
 232    a41f.7274.6dd8    DYNAMIC     Gi1/0/52
 232    a41f.7274.6eca    DYNAMIC     Gi1/0/52
 232    b083.fe66.4450    DYNAMIC     Gi1/0/52
 232    b083.fe9b.4bc6    DYNAMIC     Gi1/0/52
 232    b083.fea5.a9fe    DYNAMIC     Gi1/0/52
 232    b82a.72ff.57cd    DYNAMIC     Gi1/0/52
 232    c400.ad01.70a9    DYNAMIC     Gi1/0/52
 232    d094.66ef.a033    DYNAMIC     Gi1/0/52
 232    d4be.d9ba.8b62    DYNAMIC     Gi1/0/52
 232    f48e.3897.078b    DYNAMIC     Gi1/0/52
 232    f48e.389f.e7da    DYNAMIC     Gi1/0/52
 232    f48e.38ae.50fb    DYNAMIC     Gi1/0/52
 232    f8bc.12a3.d21d    DYNAMIC     Gi1/0/52
 880    000e.c6c1.d1c6    DYNAMIC     Gi1/0/52
 880    0026.2df4.3b84    DYNAMIC     Gi1/0/52
 880    2047.474d.d8bd    DYNAMIC     Gi1/0/52
 880    4c5e.0cdd.268a    DYNAMIC     Gi1/0/52
 880    7cad.7429.b343    DYNAMIC     Gi1/0/52
 880    a44c.c82a.8c6c    DYNAMIC     Gi1/0/52
 880    f48e.38b8.5985    DYNAMIC     Gi1/0/52
