 All    0100.0ccc.cccc    STATIC      CPU
 All    0100.0ccc.cccd    STATIC      CPU
 All    0180.c200.0000    STATIC      CPU
 All    0180.c200.0001    STATIC      CPU
 All    0180.c200.0002    STATIC      CPU
 All    0180.c200.0003    STATIC      CPU
 All    0180.c200.0004    STATIC      CPU
 All    0180.c200.0005    STATIC      CPU
 All    0180.c200.0006    STATIC      CPU
 All    0180.c200.0007    STATIC      CPU
 All    0180.c200.0008    STATIC      CPU
 All    0180.c200.0009    STATIC      CPU
 All    0180.c200.000a    STATIC      CPU
 All    0180.c200.000b    STATIC      CPU
 All    0180.c200.000c    STATIC      CPU
 All    0180.c200.000d    STATIC      CPU
 All    0180.c200.000e    STATIC      CPU
 All    0180.c200.000f    STATIC      CPU
 All    0180.c200.0010    STATIC      CPU
 All    ffff.ffff.ffff    STATIC      CPU
 232    0001.c009.d327    DYNAMIC     Gi1/0/52
 232    00e0.ed52.4e08    DYNAMIC     Gi1/0/52
 232    107d.1a4b.90ba    DYNAMIC     Gi1/0/52
 232    14b3.1f05.9de0    DYNAMIC     Gi1/0/52
 232    14b3.1f1b.865f    DYNAMIC     Gi1/0/52
 232    14b3.1f22.d3db    DYNAMIC     Gi1/0/52
 232    14b3.1f2c.0326    DYNAMIC     Gi1/0/52
 232    484d.7e9c.c251    DYNAMIC     Gi1/0/52
 232    484d.7ea8.3995    DYNAMIC     Gi1/0/52
 232    6400.6a1d.1d3e    DYNAMIC     Gi1/0/52
 232    6c62.6da8.04b9    DYNAMIC     Gi1/0/52
 232    74e6.e21c.c4ec    DYNAMIC     Gi1/0/52
 232    7845.c415.6abb    DYNAMIC     Gi1/0/52
 232    7cad.7429.b33f    DYNAMIC     Gi1/0/52
 232    a41f.7274.6dd8    DYNAMIC     Gi1/0/52
 232    a41f.7274.6eca    DYNAMIC     Gi1/0/52
 232    b083.fe66.4450    DYNAMIC     Gi1/0/52
 232    b083.fe9b.4bc6    DYNAMIC     Gi1/0/52
 232    b083.fea5.a9fe    DYNAMIC     Gi1/0/52
 232    b82a.72ff.57cd    DYNAMIC     Gi1/0/52
 232    c400.ad01.70a9    DYNAMIC     Gi1/0/52
 232    d094.66ef.a033    DYNAMIC     Gi1/0/52
 232    d4be.d9ba.8b62    DYNAMIC     Gi1/0/52
 232    f48e.3897.078b    DYNAMIC     Gi1/0/52
 232    f48e.389f.e7da    DYNAMIC     Gi1/0/52
 232    f48e.38ae.50fb    DYNAMIC     Gi1/0/52
 232    f8bc.12a3.d21d    DYNAMIC     Gi1/0/52
 224    0008.e3ff.fd90    DYNAMIC     Gi1/0/52
 224    0025.e603.0192    DYNAMIC     Gi1/0/8
 224    0025.e603.022d    DYNAMIC     Gi1/0/10
 224    0025.e603.0241    DYNAMIC     Gi1/0/9
 224    00c0.b770.632f    DYNAMIC     Gi1/0/52
 224    00c0.b782.4f56    DYNAMIC     Gi1/0/52
 224    00c0.b7f9.9423    DYNAMIC     Gi1/0/52
 224    1866.da86.49bf    DYNAMIC     Gi1/0/52
 224    1866.da8c.5368    DYNAMIC     Gi1/0/52
 224    1866.daae.73ba    DYNAMIC     Gi1/0/52
 224    1866.daae.73bc    DYNAMIC     Gi1/0/52
 224    24b6.fdf6.969c    DYNAMIC     Gi1/0/52
 224    44a8.4235.74c1    DYNAMIC     Gi1/0/52
 224    6cae.8b15.2229    DYNAMIC     Gi1/0/52
 224    6cae.8b15.3129    DYNAMIC     Gi1/0/52
 224    7cad.7429.b33f    DYNAMIC     Gi1/0/52
 224    90b1.1c43.b7e2    DYNAMIC     Gi1/0/52
 224    90b1.1c49.86ef    DYNAMIC     Gi1/0/52
 228    0008.e3ff.fd90    DYNAMIC     Gi1/0/52
 228    000b.970d.2869    DYNAMIC     Gi1/0/52
 228    00b3.6260.dc15    DYNAMIC     Gi1/0/52
 228    00c2.c60b.290d    DYNAMIC     Gi1/0/52
 228    00db.7062.4aa6    DYNAMIC     Gi1/0/52
 228    08ed.b98b.ba8f    DYNAMIC     Gi1/0/52
 228    2816.a84b.40c3    DYNAMIC     Gi1/0/52
 228    28a0.2b65.8f78    DYNAMIC     Gi1/0/52
 228    30b4.9eb3.821e    DYNAMIC     Gi1/0/52
 228    3402.8645.9011    DYNAMIC     Gi1/0/52
 228    3889.2cb8.a157    DYNAMIC     Gi1/0/52
 228    38b1.db66.635b    DYNAMIC     Gi1/0/52
 228    4049.0f43.c50f    DYNAMIC     Gi1/0/52
 228    4083.deb7.ab9a    DYNAMIC     Gi1/0/52
 228    441c.a837.494d    DYNAMIC     Gi1/0/52
 228    4cbb.585c.f1db    DYNAMIC     Gi1/0/52
 228    4cbb.58c3.a9db    DYNAMIC     Gi1/0/52
 228    4cbb.58c5.adf5    DYNAMIC     Gi1/0/52
 228    4cbb.58c5.daf5    DYNAMIC     Gi1/0/52
 228    4cbb.58d1.834f    DYNAMIC     Gi1/0/52
 228    5413.79cc.d00d    DYNAMIC     Gi1/0/52
 228    5cc5.d474.5338    DYNAMIC     Gi1/0/52
 228    5cea.1d53.61a5    DYNAMIC     Gi1/0/52
 228    5cea.1d53.c34b    DYNAMIC     Gi1/0/52
 228    6057.18bd.128a    DYNAMIC     Gi1/0/52
 228    701c.e7d9.0ddc    DYNAMIC     Gi1/0/52
 228    7cad.7429.b33f    DYNAMIC     Gi1/0/52
 228    8000.0bb8.2748    DYNAMIC     Gi1/0/52
 228    9cad.974a.2f1f    DYNAMIC     Gi1/0/52
 228    9cad.974b.0fbb    DYNAMIC     Gi1/0/52
 228    a434.d971.9341    DYNAMIC     Gi1/0/52
 228    a434.d971.937d    DYNAMIC     Gi1/0/52
 228    a434.d995.61fe    DYNAMIC     Gi1/0/52
 228    a667.f8b9.797f    DYNAMIC     Gi1/0/52
 228    a86b.ad0e.64f1    DYNAMIC     Gi1/0/52
 228    ace0.10c5.623f    DYNAMIC     Gi1/0/52
 228    ace0.10c5.6252    DYNAMIC     Gi1/0/52
 228    b010.4183.f445    DYNAMIC     Gi1/0/52
 228    b0c0.90b2.2c19    DYNAMIC     Gi1/0/52
 228    b0c0.90ba.d7bf    DYNAMIC     Gi1/0/52
 228    b0c0.90bf.164f    DYNAMIC     Gi1/0/52
 228    b0c0.90bf.3e83    DYNAMIC     Gi1/0/52
 228    b886.8798.4270    DYNAMIC     Gi1/0/52
 228    cc3d.829d.801e    DYNAMIC     Gi1/0/52
 228    cc3d.829d.803c    DYNAMIC     Gi1/0/52
 228    e037.bf44.91df    DYNAMIC     Gi1/0/52
 228    e4a4.7149.04bc    DYNAMIC     Gi1/0/52
 228    f042.1c1f.55c2    DYNAMIC     Gi1/0/52
 228    f042.1c1f.55e0    DYNAMIC     Gi1/0/52
 228    f042.1c46.7d5a    DYNAMIC     Gi1/0/52
 228    f042.1c46.7e04    DYNAMIC     Gi1/0/52
 228    f042.1c6f.999c    DYNAMIC     Gi1/0/52
 228    f042.1ca8.d004    DYNAMIC     Gi1/0/52
 228    f894.c28a.dba8    DYNAMIC     Gi1/0/52
   1    2004.0fe6.8136    DYNAMIC     Gi1/0/52
   1    2004.0fe6.8137    DYNAMIC     Gi1/0/52
   1    7cad.7429.b33f    DYNAMIC     Gi1/0/52
 100    0010.f360.6c2f    DYNAMIC     Gi1/0/52
 100    00e1.8c66.010c    DYNAMIC     Gi1/0/52
 100    084a.cf82.a771    DYNAMIC     Gi1/0/52
 100    1cda.27df.2d6f    DYNAMIC     Gi1/0/52
 100    3853.9c70.5751    DYNAMIC     Gi1/0/52
 100    48a3.807d.dd3e    DYNAMIC     Gi1/0/52
 100    5001.d926.7daf    DYNAMIC     Gi1/0/52
 100    5c09.4733.7444    DYNAMIC     Gi1/0/52
 100    6091.f388.e626    DYNAMIC     Gi1/0/52
 100    7836.cccd.573d    DYNAMIC     Gi1/0/52
 100    7cad.7429.b33f    DYNAMIC     Gi1/0/52
 100    cc25.efac.dc67    DYNAMIC     Gi1/0/52
 100    ec01.ee16.abd5    DYNAMIC     Gi1/0/52
 100    f4b7.b3e5.14fd    DYNAMIC     Gi1/0/52
 100    fcbe.7b82.e875    DYNAMIC     Gi1/0/52
 200    0010.f360.6c2e    DYNAMIC     Gi1/0/52
 200    0cd7.461c.9f00    DYNAMIC     Gi1/0/52
 200    1c5c.f2bb.5deb    DYNAMIC     Gi1/0/52
 200    242e.029b.bf2f    DYNAMIC     Gi1/0/52
 200    3045.1185.e1f7    DYNAMIC     Gi1/0/52
 200    48c7.9676.9ed5    DYNAMIC     Gi1/0/52
 200    5c1d.d9bb.d1f8    DYNAMIC     Gi1/0/52
 200    7cad.7429.b33f    DYNAMIC     Gi1/0/52
 225    0006.f662.0e2f    DYNAMIC     Gi1/0/52
 225    0006.f689.c833    DYNAMIC     Gi1/0/47
 225    0008.e3ff.fd90    DYNAMIC     Gi1/0/52
 225    00be.7564.dfdc    DYNAMIC     Gi1/0/52
 225    10f3.11e4.016e    DYNAMIC     Gi1/0/52
 225    10f3.11e4.021f    DYNAMIC     Gi1/0/52
 225    10f3.11e4.0248    DYNAMIC     Gi1/0/52
 225    286f.7f64.ec14    DYNAMIC     Gi1/0/52
 225    4001.7aa3.04d4    DYNAMIC     Gi1/0/52
 225    4403.a7f1.ce9c    DYNAMIC     Gi1/0/52
 225    4c4e.353d.8807    DYNAMIC     Gi1/0/52
 225    4c4e.35a2.2896    DYNAMIC     Gi1/0/52
 225    78da.6e0f.732a    DYNAMIC     Gi1/0/52
 225    7cad.7429.b33f    DYNAMIC     Gi1/0/52
 225    7cad.7440.6946    DYNAMIC     Gi1/0/52
 225    7cad.7440.6955    DYNAMIC     Gi1/0/45
 225    7cad.74af.1d0a    DYNAMIC     Gi1/0/52
 225    7cad.74af.1d13    DYNAMIC     Gi1/0/52
 225    7cad.74db.69ac    DYNAMIC     Gi1/0/52
 225    7cad.74db.69f2    DYNAMIC     Gi1/0/46
 225    7cad.74db.69f6    DYNAMIC     Gi1/0/44
 225    8810.8f48.fac6    DYNAMIC     Gi1/0/52
 225    885a.9270.b65a    DYNAMIC     Gi1/0/52
 225    885a.92c0.e3e8    DYNAMIC     Gi1/0/52
 225    885a.92c0.e7e2    DYNAMIC     Gi1/0/52
 225    c067.aff1.146c    DYNAMIC     Gi1/0/52
 225    c067.aff1.14da    DYNAMIC     Gi1/0/52
 225    c067.aff1.1509    DYNAMIC     Gi1/0/52
 225    c067.aff1.150d    DYNAMIC     Gi1/0/52
 225    c067.aff1.153d    DYNAMIC     Gi1/0/52
 225    c067.aff1.160d    DYNAMIC     Gi1/0/52
 225    c067.aff1.1610    DYNAMIC     Gi1/0/52
 225    c067.aff1.17ac    DYNAMIC     Gi1/0/52
 225    c067.aff1.17ad    DYNAMIC     Gi1/0/41
 225    d8b1.900e.20f4    DYNAMIC     Gi1/0/52
 225    e4c7.228a.39bb    DYNAMIC     Gi1/0/52
 225    e4c7.228a.39c7    DYNAMIC     Gi1/0/52
 225    e4c7.22cc.55f5    DYNAMIC     Gi1/0/52
 225    e4c7.22cc.5916    DYNAMIC     Gi1/0/52
 225    e4c7.22e0.5e70    DYNAMIC     Gi1/0/43
 225    e4c7.22e0.5e78    DYNAMIC     Gi1/0/52
 225    e4c7.22e0.5e8f    DYNAMIC     Gi1/0/52
 225    e865.49f9.6cd8    DYNAMIC     Gi1/0/52
 226    18e7.2818.94db    DYNAMIC     Gi1/0/52
 226    18e7.2818.9500    DYNAMIC     Gi1/0/52
 226    18e7.2818.b031    DYNAMIC     Gi1/0/52
 226    2401.c73c.5bb7    DYNAMIC     Gi1/0/52
 226    7cad.7429.b33f    DYNAMIC     Gi1/0/52
 227    7cad.7429.b33f    DYNAMIC     Gi1/0/52
 227    f8bc.1279.45de    DYNAMIC     Gi1/0/52
 229    0003.2702.0119    DYNAMIC     Gi1/0/52
 229    0008.e3ff.fd90    DYNAMIC     Gi1/0/52
 229    0020.6b95.c53f    DYNAMIC     Gi1/0/52
 229    14b3.1f21.85bf    DYNAMIC     Gi1/0/52
 229    484d.7e9e.0306    DYNAMIC     Gi1/0/52
 229    484d.7ef6.f663    DYNAMIC     Gi1/0/52
 229    484d.7ef7.068f    DYNAMIC     Gi1/0/52
 229    509a.4c02.9335    DYNAMIC     Gi1/0/52
 229    509a.4c02.9339    DYNAMIC     Gi1/0/52
 229    509a.4c34.a284    DYNAMIC     Gi1/0/52
 229    6400.6a15.30ba    DYNAMIC     Gi1/0/52
 229    6400.6a15.3134    DYNAMIC     Gi1/0/52
 229    6400.6a15.3196    DYNAMIC     Gi1/0/52
 229    6400.6a1a.2030    DYNAMIC     Gi1/0/52
 229    6400.6a1a.7ea8    DYNAMIC     Gi1/0/52
 229    6400.6a1a.7ea9    DYNAMIC     Gi1/0/52
 229    6400.6a1a.7fcc    DYNAMIC     Gi1/0/52
 229    6400.6a1d.1d77    DYNAMIC     Gi1/0/52
 229    6400.6a1d.1df7    DYNAMIC     Gi1/0/52
 229    6400.6a1d.1e27    DYNAMIC     Gi1/0/52
 229    6400.6a62.c680    DYNAMIC     Gi1/0/52
 229    6c62.6da8.0129    DYNAMIC     Gi1/0/52
 229    6c62.6da8.02a8    DYNAMIC     Gi1/0/52
 229    74e6.e21a.5177    DYNAMIC     Gi1/0/52
 229    74e6.e2f5.16f3    DYNAMIC     Gi1/0/52
 229    7845.c402.9445    DYNAMIC     Gi1/0/52
 229    7845.c402.dd4a    DYNAMIC     Gi1/0/52
 229    7845.c415.0e14    DYNAMIC     Gi1/0/52
 229    7845.c415.6f1f    DYNAMIC     Gi1/0/52
 229    7845.c415.6f24    DYNAMIC     Gi1/0/52
 229    7845.c42b.ae1d    DYNAMIC     Gi1/0/52
 229    7845.c437.6254    DYNAMIC     Gi1/0/52
 229    7cad.7429.b33f    DYNAMIC     Gi1/0/52
 229    901b.0e44.6bcb    DYNAMIC     Gi1/0/52
 229    a41f.7270.cb1a    DYNAMIC     Gi1/0/52
 229    a41f.7274.6e34    DYNAMIC     Gi1/0/52
 229    a41f.7274.6ec3    DYNAMIC     Gi1/0/52
 229    a41f.7274.6ed2    DYNAMIC     Gi1/0/52
 229    a41f.7274.7016    DYNAMIC     Gi1/0/52
 229    a41f.7274.7039    DYNAMIC     Gi1/0/52
 229    b083.fe53.7b60    DYNAMIC     Gi1/0/52
 229    b083.fe66.445b    DYNAMIC     Gi1/0/52
 229    b083.fe9b.4b7d    DYNAMIC     Gi1/0/52
 229    d067.e509.9e8f    DYNAMIC     Gi1/0/52
 229    d067.e51b.3058    DYNAMIC     Gi1/0/52
 229    d4be.d9b7.6e5c    DYNAMIC     Gi1/0/52
 229    d4be.d9b7.778d    DYNAMIC     Gi1/0/52
 229    d4be.d9b7.d8d3    DYNAMIC     Gi1/0/52
 229    d4be.d9ba.6f10    DYNAMIC     Gi1/0/52
 229    d4be.d9ba.882a    DYNAMIC     Gi1/0/52
 229    d4be.d9db.427a    DYNAMIC     Gi1/0/52
 229    f48e.3888.3c3d    DYNAMIC     Gi1/0/52
 229    f48e.38b9.a8a0    DYNAMIC     Gi1/0/52
 229    f8bc.1266.9dd8    DYNAMIC     Gi1/0/52
 229    f8bc.1299.6a41    DYNAMIC     Gi1/0/52
 229    f8bc.12a3.d42e    DYNAMIC     Gi1/0/52
 230    7cad.7429.b33f    DYNAMIC     Gi1/0/52
 231    7cad.7429.b33f    DYNAMIC     Gi1/0/52
 880    000e.c6c1.d1c6    DYNAMIC     Gi1/0/52
 880    0026.2df4.3b84    DYNAMIC     Gi1/0/52
 880    107d.1a35.04eb    DYNAMIC     Gi1/0/52
 880    4c5e.0cdd.268a    DYNAMIC     Gi1/0/52
 880    7cad.7429.b33f    DYNAMIC     Gi1/0/52
 880    a44c.c82a.8c6c    DYNAMIC     Gi1/0/52
 880    f48e.38b8.5985    DYNAMIC     Gi1/0/52
